<?xml version="1.0" encoding="UTF-8"?>
<!-- Generated by org.testng.reporters.JUnitReportReporter -->
<testsuite hostname="LAPTOP-A6M3T32V" name="testcases.TC001_AmazonLogin" tests="1" failures="0" timestamp="1 Mar 2017 19:05:24 GMT" time="44.773" errors="0">
  <testcase name="Search" time="44.773" classname="testcases.TC001_AmazonLogin"/>
</testsuite> <!-- testcases.TC001_AmazonLogin -->
