<?xml version="1.0" encoding="UTF-8"?>
<!-- Generated by org.testng.reporters.JUnitReportReporter -->
<testsuite hostname="DESKTOP-RREPDNT" name="testcases.TC01_Login" tests="2" failures="0" timestamp="12 Oct 2016 16:18:57 GMT" time="27.046" errors="0">
  <testcase name="loginOpentaps" time="11.155" classname="testcases.TC01_Login"/>
  <testcase name="loginOpentaps" time="15.891" classname="testcases.TC01_Login"/>
</testsuite> <!-- testcases.TC01_Login -->
