<?xml version="1.0" encoding="UTF-8"?>
<!-- Generated by org.testng.reporters.JUnitReportReporter -->
<testsuite hostname="DESKTOP-RREPDNT" name="keyword.RunKeywordScripts" tests="1" failures="0" timestamp="11 Oct 2016 22:52:34 GMT" time="12.635" errors="0">
  <testcase name="runScripts" time="12.635" classname="keyword.RunKeywordScripts"/>
</testsuite> <!-- keyword.RunKeywordScripts -->
