<?xml version="1.0" encoding="UTF-8"?>
<!-- Generated by org.testng.reporters.JUnitReportReporter -->
<testsuite hostname="DESKTOP-RREPDNT" name="testcases.TC02_LoginFailure" tests="4" failures="0" timestamp="12 Oct 2016 05:32:50 GMT" time="39.938" errors="0">
  <testcase name="loginOpentaps" time="9.452" classname="testcases.TC02_LoginFailure"/>
  <testcase name="loginOpentaps" time="11.324" classname="testcases.TC02_LoginFailure"/>
  <testcase name="loginOpentaps" time="9.523" classname="testcases.TC02_LoginFailure"/>
  <testcase name="loginOpentaps" time="9.639" classname="testcases.TC02_LoginFailure"/>
</testsuite> <!-- testcases.TC02_LoginFailure -->
